<?xml version="1.0"?>
<testsuite name="HeadlessChrome 73.0.3683 (Mac OS X 10.14.3)" package="" timestamp="2019-03-19T15:33:42" id="0" hostname="MB-SebastianS" tests="34" errors="0" failures="0" time="0.031">
  <properties>
    <property name="browser.fullName" value="Mozilla/5.0 (Macintosh; Intel Mac OS X 10_14_3) AppleWebKit/537.36 (KHTML, like Gecko) HeadlessChrome/73.0.3683.75 Safari/537.36"/>
  </properties>
  <testcase name="Hello world" time="0.001" classname="HeadlessChrome_73_0_3683_(Mac_OS_X_10_14_3).Hello"/>
  <testcase name="Calculator should add 2 and 2 and return 4" time="0" classname="HeadlessChrome_73_0_3683_(Mac_OS_X_10_14_3).Calculator"/>
  <testcase name="Calculator should add 1 and 1 and return 2" time="0" classname="HeadlessChrome_73_0_3683_(Mac_OS_X_10_14_3).Calculator"/>
  <testcase name="fetch should fetch data from Server" time="0.008" classname="HeadlessChrome_73_0_3683_(Mac_OS_X_10_14_3).fetch"/>
  <testcase name="RSF should return some function" time="0.001" classname="HeadlessChrome_73_0_3683_(Mac_OS_X_10_14_3).RSF"/>
  <testcase name="numberChecker should return the number if a number is provided" time="0.002" classname="HeadlessChrome_73_0_3683_(Mac_OS_X_10_14_3).numberChecker"/>
  <testcase name="numberChecker should throw an error if a string is provided" time="0.001" classname="HeadlessChrome_73_0_3683_(Mac_OS_X_10_14_3).numberChecker"/>
  <testcase name="numberChecker should return the number if a number is provided" time="0" classname="HeadlessChrome_73_0_3683_(Mac_OS_X_10_14_3).numberChecker"/>
  <testcase name="FizzBuzz should return -19 for -19" time="0" classname="HeadlessChrome_73_0_3683_(Mac_OS_X_10_14_3).FizzBuzz"/>
  <testcase name="FizzBuzz should return a number for 1" time="0.001" classname="HeadlessChrome_73_0_3683_(Mac_OS_X_10_14_3).FizzBuzz"/>
  <testcase name="FizzBuzz should throw an error if a string is provided" time="0" classname="HeadlessChrome_73_0_3683_(Mac_OS_X_10_14_3).FizzBuzz"/>
  <testcase name="FizzBuzz should return FizzBuzz for -30" time="0" classname="HeadlessChrome_73_0_3683_(Mac_OS_X_10_14_3).FizzBuzz"/>
  <testcase name="FizzBuzz should be an instance of FizzBuzz" time="0" classname="HeadlessChrome_73_0_3683_(Mac_OS_X_10_14_3).FizzBuzz"/>
  <testcase name="FizzBuzz should return Buzz for -25" time="0" classname="HeadlessChrome_73_0_3683_(Mac_OS_X_10_14_3).FizzBuzz"/>
  <testcase name="FizzBuzz should return 2 for 2" time="0.001" classname="HeadlessChrome_73_0_3683_(Mac_OS_X_10_14_3).FizzBuzz"/>
  <testcase name="FizzBuzz should return Buzz for 5" time="0" classname="HeadlessChrome_73_0_3683_(Mac_OS_X_10_14_3).FizzBuzz"/>
  <testcase name="FizzBuzz should return a string for 3" time="0" classname="HeadlessChrome_73_0_3683_(Mac_OS_X_10_14_3).FizzBuzz"/>
  <testcase name="FizzBuzz should return 1 for 1" time="0.001" classname="HeadlessChrome_73_0_3683_(Mac_OS_X_10_14_3).FizzBuzz"/>
  <testcase name="FizzBuzz should return FizzBuzz for 15" time="0" classname="HeadlessChrome_73_0_3683_(Mac_OS_X_10_14_3).FizzBuzz"/>
  <testcase name="FizzBuzz should return Fizz for 3" time="0" classname="HeadlessChrome_73_0_3683_(Mac_OS_X_10_14_3).FizzBuzz"/>
  <testcase name="async date stuff should work" time="0" classname="HeadlessChrome_73_0_3683_(Mac_OS_X_10_14_3).async"/>
  <testcase name="async myAsyncFunction2 should work" time="0" classname="HeadlessChrome_73_0_3683_(Mac_OS_X_10_14_3).async"/>
  <testcase name="async myAsyncFunction2 should return 42" time="0.001" classname="HeadlessChrome_73_0_3683_(Mac_OS_X_10_14_3).async"/>
  <testcase name="async myAsyncFunction2 should work" time="0" classname="HeadlessChrome_73_0_3683_(Mac_OS_X_10_14_3).async"/>
  <testcase name="async myAsyncFunction should return 42" time="0.003" classname="HeadlessChrome_73_0_3683_(Mac_OS_X_10_14_3).async"/>
  <testcase name="Notify notify with date other mock date should call the notify function on a certain date" time="0.003" classname="HeadlessChrome_73_0_3683_(Mac_OS_X_10_14_3).Notify"/>
  <testcase name="Notify notify with date should call the notify function on a certain date" time="0.001" classname="HeadlessChrome_73_0_3683_(Mac_OS_X_10_14_3).Notify"/>
  <testcase name="Notify notify with dependency should work with a dependency spy object" time="0.001" classname="HeadlessChrome_73_0_3683_(Mac_OS_X_10_14_3).Notify"/>
  <testcase name="Notify should call the window.alert method" time="0" classname="HeadlessChrome_73_0_3683_(Mac_OS_X_10_14_3).Notify"/>
  <testcase name="getUser should get the user" time="0.002" classname="HeadlessChrome_73_0_3683_(Mac_OS_X_10_14_3).getUser"/>
  <testcase name="callback should work with spies" time="0" classname="HeadlessChrome_73_0_3683_(Mac_OS_X_10_14_3).callback"/>
  <testcase name="callback should do something" time="0.001" classname="HeadlessChrome_73_0_3683_(Mac_OS_X_10_14_3).callback"/>
  <testcase name="callback should be called with 42" time="0" classname="HeadlessChrome_73_0_3683_(Mac_OS_X_10_14_3).callback"/>
  <testcase name="ajax should work with xmlhttprequest" time="0.003" classname="HeadlessChrome_73_0_3683_(Mac_OS_X_10_14_3).ajax"/>
  <system-out>
    <![CDATA[
]]>
  </system-out>
  <system-err/>
</testsuite>